GET /api/courses/56579f9bcd3d26580b4efdb6/modules/56579f9bcd3d26580b4efdaa/tests 304 - - 6.019 ms
GET /api/courses/56579f9bcd3d26580b4efdb6/modules/56579f9bcd3d26580b4efdaa/questions 304 - - 17.473 ms
GET /api/courses/56579f9bcd3d26580b4efdb6 304 - - 13.465 ms
GET /api/courses/56579f9bcd3d26580b4efdb6/modules/ 304 - - 21.212 ms
GET /api/courses/56579f9bcd3d26580b4efdb6 304 - - 35.030 ms
GET /api/courses/56579f9bcd3d26580b4efdb6/modules/ 304 - - 49.250 ms
GET /api/courses/56579f9bcd3d26580b4efdb6/modules/ 304 - - 8.980 ms
GET /api/courses/56579f9bcd3d26580b4efdb6/modules/56579f9bcd3d26580b4efdaa 304 - - 9.390 ms
GET /api/courses/56579f9bcd3d26580b4efdb6/modules/56579f9bcd3d26580b4efdaa/tests 304 - - 8.436 ms
GET /api/courses/56579f9bcd3d26580b4efdb6/modules/56579f9bcd3d26580b4efdaa/questions 304 - - 24.634 ms
GET /api/courses/56579f9bcd3d26580b4efdb6/modules/56579f9bcd3d26580b4efdaa/tests 304 - - 20.620 ms
GET /api/courses/56579f9bcd3d26580b4efdb6/modules/56579f9bcd3d26580b4efdaa/questions 304 - - 45.600 ms
GET /api/courses/56579f9bcd3d26580b4efdb6/modules/56579f9bcd3d26580b4efdaa/tests 304 - - 13.160 ms
GET /api/courses/56579f9bcd3d26580b4efdb6/modules/56579f9bcd3d26580b4efdaa/questions 304 - - 35.754 ms
GET /api/courses/56579f9bcd3d26580b4efdb6 304 - - 15.488 ms
GET /api/courses/56579f9bcd3d26580b4efdb6/modules/ 304 - - 17.811 ms
GET /api/courses/56579f9bcd3d26580b4efdb6/modules/56579f9bcd3d26580b4efdaa/tests 304 - - 3.413 ms
GET /api/courses/56579f9bcd3d26580b4efdb6/modules/56579f9bcd3d26580b4efdaa/questions 304 - - 23.316 ms
GET /api/courses/56579f9bcd3d26580b4efdb6 304 - - 5.916 ms
GET /api/courses/56579f9bcd3d26580b4efdb6/modules/ 304 - - 10.576 ms
GET /api/courses/56579f9bcd3d26580b4efdb6 304 - - 5.362 ms
GET /api/courses/56579f9bcd3d26580b4efdb6 304 - - 4.735 ms
GET /api/courses/56579f9bcd3d26580b4efdb6/modules/ 304 - - 43.859 ms
GET /api/courses/56579f9bcd3d26580b4efdb6/modules/ 304 - - 14.474 ms
GET /api/courses/56579f9bcd3d26580b4efdb6 304 - - 19.989 ms
GET /api/courses/56579f9bcd3d26580b4efdb6/modules/ 304 - - 11.900 ms
GET /api/courses/56579f9bcd3d26580b4efdb6 304 - - 9.610 ms
GET /api/courses/56579f9bcd3d26580b4efdb6/modules/ 304 - - 27.996 ms
GET /api/courses/56579f9bcd3d26580b4efdb6/modules/ 304 - - 9.570 ms
GET /api/areas 304 - - 5.345 ms
GET /api/courses?_start=0&_limit=3& 304 - - 64.623 ms
GET /api/groups 304 - - 87.674 ms
GET /api/vacancies 304 - - 1863.216 ms
GET /api/courses?_start=0&_limit=3& 304 - - 70.964 ms
GET /api/areas 304 - - 32.753 ms
GET /api/groups 304 - - 31.720 ms
GET /api/vacancies 304 - - 785.365 ms
GET /api/courses/56579f9bcd3d26580b4efdb6 304 - - 7.073 ms
GET /api/courses/56579f9bcd3d26580b4efdb6/modules/ 304 - - 8.455 ms
GET /api/courses/56579f9bcd3d26580b4efdb6/modules/56579f9bcd3d26580b4efdaa 304 - - 8.338 ms
GET /api/courses/56579f9bcd3d26580b4efdb6/modules/56579f9bcd3d26580b4efdaa/tests 304 - - 6.727 ms
GET /api/courses/56579f9bcd3d26580b4efdb6/modules/56579f9bcd3d26580b4efdaa/questions 304 - - 25.695 ms
GET /api/courses/56579f9bcd3d26580b4efdb6 304 - - 4.285 ms
GET /api/courses/56579f9bcd3d26580b4efdb6/modules/ 304 - - 8.769 ms
GET /api/courses/56579f9bcd3d26580b4efdb6/modules/56579f9bcd3d26580b4efdaa/tests 304 - - 2.868 ms
GET /api/courses/56579f9bcd3d26580b4efdb6/modules/56579f9bcd3d26580b4efdaa/questions 304 - - 13.865 ms
GET /api/courses/56579f9bcd3d26580b4efdb6 304 - - 4.692 ms
GET /api/courses/56579f9bcd3d26580b4efdb6/modules/ 304 - - 11.207 ms
GET /api/courses?_start=0&_limit=3& 304 - - 63.812 ms
GET /api/areas 304 - - 50.752 ms
GET /api/groups 304 - - 26.500 ms
GET /api/vacancies 304 - - 762.405 ms
GET /api/courses?_start=3&_limit=3& 200 2127 - 23.362 ms
GET /api/courses/56579f9bcd3d26580b4efdb9 200 1048 - 8.426 ms
GET /api/courses/56579f9bcd3d26580b4efdb9/modules/ 200 813 - 8.555 ms
GET /api/courses/56579f9bcd3d26580b4efdb9/modules/56579f9bcd3d26580b4efda7 200 651 - 16.166 ms
GET /api/courses/56579f9bcd3d26580b4efdb9 304 - - 8.000 ms
GET /api/courses/56579f9bcd3d26580b4efdb9/modules/ 304 - - 6.303 ms
GET /api/courses?_start=3&_limit=3& 304 - - 37.701 ms
GET /api/areas 304 - - 15.750 ms
GET /api/groups 304 - - 15.450 ms
GET /api/vacancies 304 - - 822.994 ms
GET /api/courses?_start=0&_limit=3& 304 - - 27.486 ms
GET /api/courses/56579f9bcd3d26580b4efdb6 304 - - 6.562 ms
GET /api/courses/56579f9bcd3d26580b4efdb6/modules/ 304 - - 16.616 ms
GET /api/areas 304 - - 20.925 ms
GET /api/courses?_start=0&_limit=3& 304 - - 35.555 ms
GET /api/groups 304 - - 18.298 ms
GET /api/vacancies 304 - - 759.705 ms
GET /api/courses/56579f9bcd3d26580b4efdb7 200 1059 - 8.307 ms
GET /api/courses/56579f9bcd3d26580b4efdb7/modules/ 200 2 - 2.126 ms
GET /api/courses?_start=0&_limit=3& 304 - - 61.588 ms
GET /api/groups 304 - - 7.075 ms
GET /api/areas 304 - - 11.040 ms
GET /api/vacancies 304 - - 772.842 ms
GET /api/courses/56579f9bcd3d26580b4efdb8 200 753 - 16.905 ms
GET /api/courses/56579f9bcd3d26580b4efdb8/modules/ 200 2 - 1.958 ms
GET /api/areas 304 - - 7.168 ms
GET /api/groups 304 - - 4.290 ms
GET /api/courses?_start=0&_limit=3& 304 - - 43.752 ms
GET /api/vacancies 304 - - 839.276 ms
GET /api/courses?_start=3&_limit=3& 304 - - 19.039 ms
GET /api/courses/56579f9bcd3d26580b4efdba 200 1076 - 4.358 ms
GET /api/courses/56579f9bcd3d26580b4efdba/modules/ 200 2 - 1.934 ms
GET /api/courses?_start=3&_limit=3& 304 - - 43.744 ms
GET /api/areas 304 - - 8.560 ms
GET /api/groups 304 - - 12.559 ms
GET /api/vacancies 304 - - 786.088 ms
GET /api/courses/56579f9bcd3d26580b4efdb9 304 - - 6.496 ms
GET /api/courses/56579f9bcd3d26580b4efdb9/modules/ 304 - - 11.814 ms
GET /api/courses/56579f9bcd3d26580b4efdb9/modules/56579f9bcd3d26580b4efda7 304 - - 13.517 ms
GET /api/courses/56579f9bcd3d26580b4efdb9 304 - - 3.563 ms
GET /api/courses/56579f9bcd3d26580b4efdb9/modules/ 304 - - 10.602 ms
GET /api/courses?_start=0&_limit=3& 304 - - 44.635 ms
GET /api/groups 304 - - 4.421 ms
GET /api/areas 304 - - 15.480 ms
GET /api/vacancies 304 - - 1051.853 ms
GET /api/courses/56579f9bcd3d26580b4efdb6 304 - - 7.330 ms
GET /api/courses/56579f9bcd3d26580b4efdb6/modules/ 304 - - 7.848 ms
GET /api/courses/56579f9bcd3d26580b4efdb6/modules/56579f9bcd3d26580b4efdaa 304 - - 8.031 ms
GET /api/courses/56579f9bcd3d26580b4efdb6/modules/56579f9bcd3d26580b4efdaa 304 - - 14.301 ms
GET /api/courses/56579f9bcd3d26580b4efdb6/modules/56579f9bcd3d26580b4efdaa 200 4 - 2.359 ms
GET /api/courses/56579f9bcd3d26580b4efdb6 200 4 - 1.649 ms
GET /api/courses?_start=0&_limit=3& 204 - - 2.878 ms
GET /api/areas 200 2 - 7.444 ms
GET /api/groups 200 2 - 7.016 ms
GET /api/vacancies 304 - - 1067.093 ms
GET /api/courses?_start=0&_limit=3& 204 - - 7.207 ms
GET /api/groups 304 - - 11.006 ms
GET /api/areas 304 - - 14.056 ms
GET /api/vacancies 304 - - 755.206 ms
GET /api/areas 200 229 - 32.630 ms
GET /api/groups 200 194 - 32.700 ms
GET /api/courses?_start=0&_limit=3& 200 2924 - 54.569 ms
GET /api/vacancies 304 - - 848.385 ms
GET /api/courses?_start=3&_limit=3& 200 2151 - 17.984 ms
GET /api/courses/5658e5560f68c03c242efc6b 200 1060 - 6.045 ms
GET /api/courses/5658e5560f68c03c242efc6b/modules/ 200 813 - 11.125 ms
GET /api/groups 304 - - 4.793 ms
GET /api/areas 304 - - 33.694 ms
GET /api/courses?_start=3&_limit=3& 304 - - 52.445 ms
GET /api/vacancies 304 - - 760.750 ms
GET /api/courses?_start=0&_limit=3& 304 - - 34.461 ms
GET /api/courses/5658e5560f68c03c242efc68 200 1086 - 38.579 ms
GET /api/courses/5658e5560f68c03c242efc68/modules/ 200 846 - 12.086 ms
GET /api/courses/5658e5560f68c03c242efc68/modules/5658e5560f68c03c242efc62 200 416 - 11.437 ms
GET /api/courses/5658e5560f68c03c242efc68 304 - - 10.172 ms
GET /api/courses/5658e5560f68c03c242efc68/modules/ 304 - - 14.468 ms
GET /api/courses/5658e5560f68c03c242efc68/modules/5658e5560f68c03c242efc62 304 - - 10.103 ms
GET /api/courses/5658e5560f68c03c242efc68 304 - - 6.226 ms
GET /api/courses/5658e5560f68c03c242efc68/modules/ 304 - - 14.461 ms
GET /api/areas 304 - - 26.114 ms
GET /api/groups 304 - - 23.630 ms
GET /api/courses?_start=0&_limit=3& 304 - - 44.119 ms
GET /api/vacancies 304 - - 802.435 ms
GET /api/courses/5658e5560f68c03c242efc68 304 - - 6.278 ms
GET /api/courses/5658e5560f68c03c242efc68/modules/ 304 - - 9.580 ms
GET /api/courses/5658e5560f68c03c242efc68/modules/5658e5560f68c03c242efc62/tests 200 192 - 6.199 ms
GET /api/courses/5658e5560f68c03c242efc68/modules/5658e5560f68c03c242efc62/questions 200 1310 - 15.394 ms
GET /api/courses/5658e5560f68c03c242efc68/modules/5658e5560f68c03c242efc62/tests 304 - - 3.097 ms
GET /api/courses/5658e5560f68c03c242efc68/modules/5658e5560f68c03c242efc62/questions?_start=0&_limit=1 200 200 - 7.645 ms
GET /api/courses/5658e5560f68c03c242efc68 304 - - 8.355 ms
GET /api/courses/5658e5560f68c03c242efc68/modules/ 304 - - 8.691 ms
GET /api/courses/5658e5560f68c03c242efc68 200 4 - 19.751 ms
GET /api/courses/5658e5560f68c03c242efc68/modules/ 200 2 - 9.212 ms
GET /api/courses?_start=0&_limit=3& 204 - - 3.382 ms
GET /api/areas 200 2 - 6.255 ms
GET /api/groups 200 2 - 44.964 ms
GET /api/vacancies 304 - - 1032.144 ms
GET /api/courses?_start=0&_limit=3& 204 - - 1.139 ms
GET /api/courses?_start=0&_limit=3& 204 - - 10.753 ms
GET /api/areas 200 229 - 11.970 ms
GET /api/groups 200 194 - 20.044 ms
GET /api/vacancies 304 - - 907.238 ms
GET /api/areas 200 229 - 64.082 ms
GET /api/groups 200 194 - 57.022 ms
GET /api/courses?_start=0&_limit=3& 200 2924 - 87.624 ms
GET /api/vacancies 304 - - 1141.723 ms
GET /api/areas 304 - - 61.322 ms
GET /api/groups 304 - - 64.874 ms
GET /api/courses?_start=0&_limit=3& 304 - - 84.432 ms
GET /api/vacancies 304 - - 1337.804 ms
GET /api/areas 304 - - 61.372 ms
GET /api/groups 304 - - 61.663 ms
GET /api/courses?_start=0&_limit=3& 304 - - 85.338 ms
GET /api/vacancies 304 - - 1064.559 ms
GET /api/courses/5658e93269bf6adc251866f4 200 1086 - 5.460 ms
GET /api/courses/5658e93269bf6adc251866f4/modules/ 200 2 - 5.356 ms
GET /api/areas 304 - - 30.117 ms
GET /api/groups 304 - - 27.690 ms
GET /api/courses?_start=0&_limit=3& 304 - - 63.562 ms
GET /api/vacancies 304 - - 823.978 ms
GET /api/courses?_start=3&_limit=3& 200 2151 - 18.560 ms
GET /api/courses/5658e93269bf6adc251866f7 200 1060 - 9.637 ms
GET /api/courses/5658e93269bf6adc251866f7/modules/ 200 2 - 2.246 ms
GET /api/courses?_start=3&_limit=3& 304 - - 51.611 ms
GET /api/areas 304 - - 10.013 ms
GET /api/groups 304 - - 19.488 ms
GET /api/vacancies 304 - - 828.300 ms
GET /api/courses/5658e93269bf6adc251866f8 200 1088 - 9.888 ms
GET /api/courses/5658e93269bf6adc251866f8/modules/ 200 2 - 1.613 ms
GET /api/areas 304 - - 35.535 ms
GET /api/courses?_start=3&_limit=3& 304 - - 49.871 ms
GET /api/groups 304 - - 5.513 ms
GET /api/vacancies 304 - - 786.671 ms
GET /api/courses?_start=3&_limit=3& 204 - - 48.548 ms
GET /api/areas 200 2 - 48.231 ms
GET /api/groups 200 2 - 51.024 ms
GET /api/vacancies 304 - - 1095.784 ms
GET /api/courses?_start=3&_limit=3& 200 2151 - 67.010 ms
GET /api/areas 200 229 - 36.889 ms
GET /api/groups 200 194 - 37.770 ms
GET /api/vacancies 304 - - 946.271 ms
GET /api/courses/5658ecbc6f0d39e01340d6b8 200 1060 - 7.020 ms
GET /api/courses/5658ecbc6f0d39e01340d6b8/modules/ 200 888 - 16.616 ms
GET /api/areas 304 - - 28.540 ms
GET /api/groups 304 - - 29.033 ms
GET /api/courses?_start=3&_limit=3& 304 - - 43.198 ms
GET /api/vacancies 304 - - 828.247 ms
GET /api/courses?_start=0&_limit=3& 200 2924 - 25.901 ms
GET /api/courses/5658ecbc6f0d39e01340d6b5 200 1086 - 7.198 ms
GET /api/courses/5658ecbc6f0d39e01340d6b5/modules/ 200 7484 - 10.033 ms
GET /api/courses?_start=0&_limit=3& 304 - - 52.311 ms
GET /api/areas 304 - - 11.335 ms
GET /api/groups 304 - - 11.589 ms
GET /api/vacancies 304 - - 791.385 ms
GET /api/courses/5658ecbc6f0d39e01340d6b5 304 - - 5.201 ms
GET /api/courses/5658ecbc6f0d39e01340d6b5/modules/ 304 - - 10.981 ms
GET /api/courses/5658ecbc6f0d39e01340d6b5/modules/5658ecbc6f0d39e01340d6af 200 1841 - 11.343 ms
GET /api/courses/5658ecbc6f0d39e01340d6b5 304 - - 4.616 ms
GET /api/courses/5658ecbc6f0d39e01340d6b5/modules/ 304 - - 10.184 ms
GET /api/courses/5658ecbc6f0d39e01340d6b5/modules/5658ecbc6f0d39e01340d6b0 200 2504 - 22.927 ms
GET /api/courses/5658ecbc6f0d39e01340d6b5 304 - - 9.474 ms
GET /api/courses/5658ecbc6f0d39e01340d6b5/modules/ 304 - - 17.387 ms
GET /api/courses/5658ecbc6f0d39e01340d6b5/modules/5658ecbc6f0d39e01340d6b1 200 3499 - 7.055 ms
GET /api/courses/5658ecbc6f0d39e01340d6b5 304 - - 5.421 ms
GET /api/courses/5658ecbc6f0d39e01340d6b5/modules/ 304 - - 10.064 ms
GET /api/areas 304 - - 41.468 ms
GET /api/groups 304 - - 48.852 ms
GET /api/courses?_start=0&_limit=3& 304 - - 69.247 ms
GET /api/vacancies 304 - - 800.145 ms
GET /api/courses?_start=3&_limit=3& 304 - - 21.742 ms
GET /api/courses/5658ecbc6f0d39e01340d6b8 304 - - 6.969 ms
GET /api/courses/5658ecbc6f0d39e01340d6b8/modules/ 304 - - 8.760 ms
GET /api/courses/5658ecbc6f0d39e01340d6b8/modules/5658ecbc6f0d39e01340d6ac 200 710 - 13.423 ms
GET /api/courses/5658ecbc6f0d39e01340d6b8 304 - - 5.536 ms
GET /api/courses/5658ecbc6f0d39e01340d6b8/modules/ 304 - - 8.808 ms
GET /api/courses/5658ecbc6f0d39e01340d6b8/modules/5658ecbc6f0d39e01340d6ad 200 408 - 10.968 ms
GET /api/courses/5658ecbc6f0d39e01340d6b8 304 - - 7.262 ms
GET /api/courses/5658ecbc6f0d39e01340d6b8/modules/ 304 - - 7.719 ms
GET /api/courses/5658ecbc6f0d39e01340d6b8/modules/5658ecbc6f0d39e01340d6ae 200 248 - 7.199 ms
GET /api/courses/5658ecbc6f0d39e01340d6b8 304 - - 5.276 ms
GET /api/courses/5658ecbc6f0d39e01340d6b8/modules/ 304 - - 17.141 ms
GET /api/courses?_start=3&_limit=3& 304 - - 60.283 ms
GET /api/areas 304 - - 4.365 ms
GET /api/groups 304 - - 11.380 ms
GET /api/vacancies 304 - - 847.278 ms
GET /api/courses?_start=0&_limit=3& 304 - - 30.932 ms
GET /api/courses/5658ecbc6f0d39e01340d6b5 304 - - 5.344 ms
GET /api/courses/5658ecbc6f0d39e01340d6b5/modules/ 304 - - 9.907 ms
GET /api/courses/5658ecbc6f0d39e01340d6b5/modules/5658ecbc6f0d39e01340d6af 304 - - 8.030 ms
GET /api/courses/5658ecbc6f0d39e01340d6b5/modules/5658ecbc6f0d39e01340d6af/tests 200 4 - 4.639 ms
GET /api/courses/5658ecbc6f0d39e01340d6b5/modules/5658ecbc6f0d39e01340d6af/questions 200 1617 - 17.280 ms
GET /api/courses?_start=0&_limit=3& 304 - - 37.996 ms
GET /api/areas 304 - - 13.500 ms
GET /api/groups 304 - - 13.527 ms
GET /api/vacancies 304 - - 999.781 ms
GET /api/courses/5658ecbc6f0d39e01340d6b5 304 - - 4.894 ms
GET /api/courses/5658ecbc6f0d39e01340d6b5/modules/ 304 - - 7.238 ms
GET /api/courses/5658ecbc6f0d39e01340d6b5/modules/5658ecbc6f0d39e01340d6af/tests 304 - - 1.607 ms
GET /api/courses/5658ecbc6f0d39e01340d6b5/modules/5658ecbc6f0d39e01340d6af/questions 304 - - 8.428 ms
GET /api/areas 304 - - 21.927 ms
GET /api/groups 304 - - 22.749 ms
GET /api/courses?_start=0&_limit=3& 304 - - 37.611 ms
GET /api/vacancies 304 - - 887.526 ms
GET /api/courses/5658ecbc6f0d39e01340d6b5 304 - - 4.282 ms
GET /api/courses/5658ecbc6f0d39e01340d6b5/modules/ 304 - - 8.608 ms
GET /api/courses/5658ecbc6f0d39e01340d6b5/modules/5658ecbc6f0d39e01340d6b0 304 - - 11.624 ms
GET /api/courses/5658ecbc6f0d39e01340d6b5/modules/5658ecbc6f0d39e01340d6b0/tests 200 148 - 2.668 ms
GET /api/courses/5658ecbc6f0d39e01340d6b5/modules/5658ecbc6f0d39e01340d6b0/questions 204 - - 2.995 ms
GET /api/courses/5658ecbc6f0d39e01340d6b5 304 - - 4.670 ms
GET /api/courses/5658ecbc6f0d39e01340d6b5/modules/ 304 - - 7.404 ms
GET /api/courses/5658ecbc6f0d39e01340d6b5/modules/5658ecbc6f0d39e01340d6b1 304 - - 7.057 ms
GET /api/courses/5658ecbc6f0d39e01340d6b5/modules/5658ecbc6f0d39e01340d6b1/tests 200 152 - 3.158 ms
GET /api/courses/5658ecbc6f0d39e01340d6b5/modules/5658ecbc6f0d39e01340d6b1/questions 200 593 - 11.373 ms
GET /api/courses/5658ecbc6f0d39e01340d6b5 304 - - 5.605 ms
GET /api/courses/5658ecbc6f0d39e01340d6b5/modules/ 304 - - 8.961 ms
GET /api/areas 304 - - 17.738 ms
GET /api/groups 304 - - 18.212 ms
GET /api/courses?_start=0&_limit=3& 304 - - 35.263 ms
GET /api/vacancies 304 - - 796.973 ms
GET /api/courses/5658ecbc6f0d39e01340d6b5 304 - - 3.665 ms
GET /api/courses/5658ecbc6f0d39e01340d6b5/modules/ 304 - - 14.987 ms
GET /api/courses/5658ecbc6f0d39e01340d6b5 200 4 - 18.756 ms
GET /api/courses/5658ecbc6f0d39e01340d6b5/modules/ 200 2 - 18.878 ms
GET /api/courses/5658ecbc6f0d39e01340d6b5 304 - - 8.670 ms
GET /api/courses/5658ecbc6f0d39e01340d6b5/modules/ 304 - - 7.671 ms
GET /api/courses/5658ecbc6f0d39e01340d6b5 304 - - 3.170 ms
GET /api/courses/5658ecbc6f0d39e01340d6b5/modules/ 304 - - 4.098 ms
GET /api/areas 200 229 - 59.967 ms
GET /api/groups 200 194 - 60.399 ms
GET /api/courses?_start=0&_limit=3& 200 2924 - 81.537 ms
GET /api/vacancies 304 - - 1073.799 ms
GET /api/courses/5658f1283129fac427d93f26 200 1086 - 6.560 ms
GET /api/courses/5658f1283129fac427d93f26/modules/ 200 7484 - 16.217 ms
GET /api/courses/5658f1283129fac427d93f26/modules/5658f1283129fac427d93f20 200 1841 - 12.093 ms
GET /api/courses/5658f1283129fac427d93f26/modules/5658f1283129fac427d93f20/tests 200 4 - 4.287 ms
GET /api/courses/5658f1283129fac427d93f26/modules/5658f1283129fac427d93f20/questions 200 1617 - 19.436 ms
GET /api/courses/5658f1283129fac427d93f26/modules/5658f1283129fac427d93f20/tests 304 - - 4.150 ms
GET /api/courses/5658f1283129fac427d93f26/modules/5658f1283129fac427d93f20/questions 204 - - 4.887 ms
GET /api/courses/5658f1283129fac427d93f26/modules/5658f1283129fac427d93f20/tests 304 - - 14.558 ms
GET /api/courses/5658f1283129fac427d93f26/modules/5658f1283129fac427d93f20/questions 204 - - 10.356 ms
GET /api/courses/5658f1283129fac427d93f26/modules/5658f1283129fac427d93f20/tests 304 - - 15.703 ms
GET /api/courses/5658f1283129fac427d93f26/modules/5658f1283129fac427d93f20/questions 204 - - 15.998 ms
GET /api/courses/5658f1283129fac427d93f26/modules/5658f1283129fac427d93f20/tests 304 - - 3.846 ms
GET /api/courses/5658f1283129fac427d93f26/modules/5658f1283129fac427d93f20/questions 204 - - 3.226 ms
GET /api/courses/5658f1283129fac427d93f26/modules/5658f1283129fac427d93f20/tests 304 - - 4.525 ms
GET /api/courses/5658f1283129fac427d93f26/modules/5658f1283129fac427d93f20/questions 204 - - 6.254 ms
GET /api/courses/5658f1283129fac427d93f26/modules/5658f1283129fac427d93f20/tests 304 - - 6.950 ms
GET /api/courses/5658f1283129fac427d93f26/modules/5658f1283129fac427d93f20/questions 204 - - 7.994 ms
GET /api/courses/5658f1283129fac427d93f26/modules/5658f1283129fac427d93f20 200 4 - 5.774 ms
GET /api/courses/5658f1283129fac427d93f26 200 4 - 1.540 ms
GET /api/areas 200 229 - 65.094 ms
GET /api/groups 200 194 - 67.645 ms
GET /api/courses?_start=0&_limit=3& 200 2924 - 87.064 ms
GET /api/vacancies 304 - - 1063.854 ms
GET /api/courses/5658f29ceac05408150e8fcb 200 763 - 7.185 ms
GET /api/courses/5658f29ceac05408150e8fcb/modules/ 200 2 - 3.542 ms
GET /api/groups 304 - - 8.352 ms
GET /api/areas 304 - - 38.394 ms
GET /api/courses?_start=0&_limit=3& 304 - - 66.499 ms
GET /api/vacancies 304 - - 847.909 ms
GET /api/courses?_start=3&_limit=3& 200 2155 - 26.486 ms
GET /api/courses?_start=0&_limit=3& 304 - - 27.970 ms
GET /api/courses/5658f29ceac05408150e8fc9 200 1086 - 8.123 ms
GET /api/courses/5658f29ceac05408150e8fc9/modules/ 200 7484 - 20.556 ms
GET /api/courses/5658f29ceac05408150e8fc9/modules/5658f29ceac05408150e8fc3 200 1841 - 12.894 ms
GET /api/courses/5658f29ceac05408150e8fc9/modules/5658f29ceac05408150e8fc3/tests 200 192 - 8.878 ms
GET /api/courses/5658f29ceac05408150e8fc9/modules/5658f29ceac05408150e8fc3/questions 200 1801 - 19.971 ms
GET /api/courses/5658f29ceac05408150e8fc9/modules/5658f29ceac05408150e8fc3/tests 304 - - 2.710 ms
GET /api/courses/5658f29ceac05408150e8fc9/modules/5658f29ceac05408150e8fc3/questions?_start=0&_limit=1 200 311 - 6.836 ms
GET /api/courses/5658f29ceac05408150e8fc9/modules/5658f29ceac05408150e8fc3/tests 304 - - 2.752 ms
GET /api/courses/5658f29ceac05408150e8fc9/modules/5658f29ceac05408150e8fc3/questions 304 - - 10.017 ms
GET /api/courses/5658f29ceac05408150e8fc9/modules/5658f29ceac05408150e8fc3/tests 304 - - 4.083 ms
GET /api/courses/5658f29ceac05408150e8fc9/modules/5658f29ceac05408150e8fc3/questions?_start=0&_limit=1 304 - - 11.699 ms
GET /api/courses/5658f29ceac05408150e8fc9 304 - - 9.145 ms
GET /api/courses/5658f29ceac05408150e8fc9/modules/ 304 - - 16.232 ms
GET /api/courses/5658f29ceac05408150e8fc9/modules/5658f29ceac05408150e8fc4 200 2504 - 12.829 ms
GET /api/courses/5658f29ceac05408150e8fc9/modules/5658f29ceac05408150e8fc4/questions 204 - - 3.615 ms
GET /api/courses/5658f29ceac05408150e8fc9/modules/5658f29ceac05408150e8fc4/tests 200 148 - 11.452 ms
GET /api/courses/5658f29ceac05408150e8fc9 304 - - 8.296 ms
GET /api/courses/5658f29ceac05408150e8fc9/modules/ 304 - - 7.529 ms
GET /api/courses/5658f29ceac05408150e8fc9/modules/5658f29ceac05408150e8fc5 200 3499 - 10.465 ms
GET /api/courses/5658f29ceac05408150e8fc9/modules/5658f29ceac05408150e8fc5/tests 200 152 - 12.498 ms
GET /api/courses/5658f29ceac05408150e8fc9/modules/5658f29ceac05408150e8fc5/questions 200 593 - 6.670 ms
GET /api/courses/5658f29ceac05408150e8fc9 304 - - 6.943 ms
GET /api/courses/5658f29ceac05408150e8fc9/modules/ 304 - - 11.605 ms
GET /api/courses/5658f29ceac05408150e8fc9/modules/5658f29ceac05408150e8fc3 304 - - 6.856 ms
GET /api/courses/5658f29ceac05408150e8fc9/modules/5658f29ceac05408150e8fc3/tests 304 - - 3.504 ms
GET /api/courses/5658f29ceac05408150e8fc9/modules/5658f29ceac05408150e8fc3/questions 304 - - 11.001 ms
GET /api/courses/5658f29ceac05408150e8fc9/modules/5658f29ceac05408150e8fc3/tests 304 - - 7.791 ms
GET /api/courses/5658f29ceac05408150e8fc9/modules/5658f29ceac05408150e8fc3/questions?_start=0&_limit=1 304 - - 5.577 ms
GET /api/courses/5658f29ceac05408150e8fc9/modules/5658f29ceac05408150e8fc3/tests 304 - - 5.161 ms
GET /api/courses/5658f29ceac05408150e8fc9/modules/5658f29ceac05408150e8fc3/questions 304 - - 12.342 ms
GET /api/courses/5658f29ceac05408150e8fc9/modules/5658f29ceac05408150e8fc3/tests 200 4 - 11.380 ms
GET /api/courses/5658f29ceac05408150e8fc9/modules/5658f29ceac05408150e8fc3/questions 204 - - 13.150 ms
GET /api/courses/5658f29ceac05408150e8fc9/modules/5658f29ceac05408150e8fc3/tests 304 - - 3.502 ms
GET /api/courses/5658f29ceac05408150e8fc9/modules/5658f29ceac05408150e8fc3/questions 204 - - 8.404 ms
GET /api/areas 200 229 - 79.047 ms
GET /api/groups 200 194 - 80.722 ms
GET /api/courses?_start=0&_limit=3& 200 2924 - 110.751 ms
GET /api/vacancies 304 - - 972.731 ms
GET /api/courses/5658f36fb8e5632c0aa67a29 200 1086 - 5.948 ms
GET /api/courses/5658f36fb8e5632c0aa67a29/modules/ 200 7484 - 17.045 ms
GET /api/courses/5658f36fb8e5632c0aa67a29/modules/5658f36fb8e5632c0aa67a23 200 1841 - 10.122 ms
GET /api/courses/5658f36fb8e5632c0aa67a29/modules/5658f36fb8e5632c0aa67a23/tests 200 4 - 1.465 ms
GET /api/courses/5658f36fb8e5632c0aa67a29/modules/5658f36fb8e5632c0aa67a23/questions 200 1617 - 23.206 ms
GET /api/courses?_start=0&_limit=3& 304 - - 40.462 ms
GET /api/groups 304 - - 10.539 ms
GET /api/areas 304 - - 16.614 ms
GET /api/vacancies 304 - - 932.175 ms
GET /api/courses?_start=0&_limit=3& 204 - - 41.759 ms
GET /api/groups 200 2 - 42.099 ms
GET /api/areas 200 2 - 43.307 ms
GET /api/vacancies 304 - - 1007.554 ms
GET /api/areas 200 229 - 33.069 ms
GET /api/groups 200 194 - 30.007 ms
GET /api/courses?_start=0&_limit=3& 200 2924 - 58.289 ms
GET /api/vacancies 304 - - 874.106 ms
GET /api/courses/5658f4719067d3ac10041620 200 1086 - 5.812 ms
GET /api/courses/5658f4719067d3ac10041620/modules/ 200 7484 - 26.823 ms
GET /api/courses/5658f4719067d3ac10041620/modules/5658f4719067d3ac1004161a 200 1841 - 7.884 ms
GET /api/courses/5658f4719067d3ac10041620/modules/5658f4719067d3ac1004161a/tests 200 4 - 5.028 ms
GET /api/courses/5658f4719067d3ac10041620/modules/5658f4719067d3ac1004161a/questions 204 - - 6.307 ms
GET /api/courses?_start=0&_limit=3& 200 2924 - 30.512 ms
GET /api/courses/5658f4719067d3ac10041620/modules/5658f4719067d3ac1004161a/tests 304 - - 15.324 ms
GET /api/courses/5658f4719067d3ac10041620/modules/5658f4719067d3ac1004161a/questions 204 - - 14.941 ms
GET /api/courses/5658f4719067d3ac10041620/modules/5658f4719067d3ac1004161a/tests 304 - - 5.802 ms
GET /api/courses/5658f4719067d3ac10041620/modules/5658f4719067d3ac1004161a/questions 204 - - 4.475 ms
GET /api/courses?_start=0&_limit=3& 200 2924 - 61.553 ms
GET /api/areas 200 229 - 45.366 ms
GET /api/groups 200 194 - 45.042 ms
GET /api/vacancies 304 - - 1190.122 ms
GET /api/courses/5658f68190d29f9c1c2a5f10 200 1086 - 6.821 ms
GET /api/courses/5658f68190d29f9c1c2a5f10/modules/ 200 7484 - 17.294 ms
GET /api/courses/5658f68190d29f9c1c2a5f10/modules/5658f68190d29f9c1c2a5f0a 200 1841 - 10.131 ms
GET /api/courses/5658f68190d29f9c1c2a5f10/modules/5658f68190d29f9c1c2a5f0a/tests 200 4 - 5.141 ms
GET /api/courses/5658f68190d29f9c1c2a5f10/modules/5658f68190d29f9c1c2a5f0a/questions 200 1617 - 22.041 ms
GET /api/areas 304 - - 19.233 ms
GET /api/groups 304 - - 27.879 ms
GET /api/courses?_start=0&_limit=3& 304 - - 44.593 ms
GET /api/vacancies 304 - - 828.142 ms
GET /api/courses/5658f68190d29f9c1c2a5f10/modules/5658f68190d29f9c1c2a5f0a/tests 304 - - 4.428 ms
GET /api/courses/5658f68190d29f9c1c2a5f10/modules/5658f68190d29f9c1c2a5f0a/questions 304 - - 14.493 ms
GET /api/areas 304 - - 27.723 ms
GET /api/groups 304 - - 27.942 ms
GET /api/courses?_start=0&_limit=3& 304 - - 46.010 ms
GET /api/vacancies 304 - - 863.341 ms
GET /api/courses?_start=0&_limit=3& 204 - - 38.532 ms
GET /api/areas 200 2 - 39.871 ms
GET /api/groups 200 2 - 55.809 ms
GET /api/vacancies 304 - - 1169.271 ms
GET /api/courses?_start=0&_limit=3& 204 - - 2.518 ms
GET /api/areas 200 229 - 40.964 ms
GET /api/groups 200 194 - 51.725 ms
GET /api/courses?_start=0&_limit=3& 200 2924 - 66.658 ms
GET /api/vacancies 304 - - 930.770 ms
GET /api/courses/5658f9db8642168008db807e 200 1086 - 6.554 ms
GET /api/courses/5658f9db8642168008db807e/modules/ 200 7484 - 21.494 ms
GET /api/courses/5658f9db8642168008db807e/modules/5658f9db8642168008db8078/tests 200 4 - 7.546 ms
GET /api/courses/5658f9db8642168008db807e/modules/5658f9db8642168008db8078/questions 200 1617 - 22.329 ms
GET /api/courses/5658f9db8642168008db807e/modules/5658f9db8642168008db8078/tests 200 192 - 6.816 ms
GET /api/courses/5658f9db8642168008db807e/modules/5658f9db8642168008db8078/questions 304 - - 19.742 ms
GET /api/courses/5658f9db8642168008db807e/modules/5658f9db8642168008db8078/tests 304 - - 3.889 ms
GET /api/courses/5658f9db8642168008db807e/modules/5658f9db8642168008db8078/questions?_start=0&_limit=1 200 311 - 8.778 ms
GET /api/courses/5658f9db8642168008db807e/modules/5658f9db8642168008db8078/tests 304 - - 2.857 ms
GET /api/courses/5658f9db8642168008db807e/modules/5658f9db8642168008db8078/questions?_start=1&_limit=1 200 200 - 11.481 ms
GET /api/courses/5658f9db8642168008db807e/modules/5658f9db8642168008db8078/tests 304 - - 4.613 ms
GET /api/courses/5658f9db8642168008db807e/modules/5658f9db8642168008db8078/questions?_start=4&_limit=1 200 381 - 10.115 ms
GET /api/courses/5658f9db8642168008db807e/modules/5658f9db8642168008db8078/tests 304 - - 5.048 ms
GET /api/courses/5658f9db8642168008db807e/modules/5658f9db8642168008db8078/questions 304 - - 12.841 ms
GET /api/courses/5658f9db8642168008db807e/modules/5658f9db8642168008db8078/tests 304 - - 3.936 ms
GET /api/courses/5658f9db8642168008db807e/modules/5658f9db8642168008db8078/questions 200 2000 - 27.183 ms
GET /api/courses/5658f9db8642168008db807e/modules/5658f9db8642168008db8078/tests 304 - - 6.192 ms
GET /api/courses/5658f9db8642168008db807e/modules/5658f9db8642168008db8078/questions?_start=0&_limit=1 304 - - 15.985 ms
GET /api/courses/5658f9db8642168008db807e/modules/5658f9db8642168008db8078/tests 304 - - 2.688 ms
GET /api/courses/5658f9db8642168008db807e/modules/5658f9db8642168008db8078/questions 304 - - 7.797 ms
GET /api/courses/5658f9db8642168008db807e/modules/5658f9db8642168008db8078/tests 304 - - 6.524 ms
GET /api/courses/5658f9db8642168008db807e/modules/5658f9db8642168008db8078/questions 304 - - 14.058 ms
GET /api/areas 304 - - 25.687 ms
GET /api/courses?_start=0&_limit=3& 304 - - 65.945 ms
GET /api/groups 304 - - 28.276 ms
GET /api/vacancies 304 - - 1044.954 ms
GET /api/courses/5658f9db8642168008db807e 304 - - 7.541 ms
GET /api/courses/5658f9db8642168008db807e/modules/ 304 - - 11.485 ms
GET /api/areas 304 - - 29.758 ms
GET /api/groups 304 - - 15.027 ms
GET /api/courses?_start=0&_limit=3& 304 - - 41.063 ms
GET /api/vacancies 304 - - 939.465 ms
GET /api/courses/5658f9db8642168008db807e 304 - - 7.107 ms
GET /api/courses/5658f9db8642168008db807e/modules/ 304 - - 7.482 ms
GET /api/courses/5658f9db8642168008db807e/modules/5658f9db8642168008db8078/tests 304 - - 3.353 ms
GET /api/courses/5658f9db8642168008db807e/modules/5658f9db8642168008db8078/questions 304 - - 7.273 ms
GET /api/courses/5658f9db8642168008db807e/modules/5658f9db8642168008db8078/tests 304 - - 3.069 ms
GET /api/courses/5658f9db8642168008db807e/modules/5658f9db8642168008db8078/questions?_start=0&_limit=1 304 - - 7.094 ms
GET /api/courses/5658f9db8642168008db807e/modules/5658f9db8642168008db8078/tests 304 - - 2.964 ms
GET /api/courses/5658f9db8642168008db807e/modules/5658f9db8642168008db8078/questions?_start=3&_limit=1 200 409 - 4.504 ms
GET /api/courses/5658f9db8642168008db807e/modules/5658f9db8642168008db8078/tests 304 - - 2.951 ms
GET /api/courses/5658f9db8642168008db807e/modules/5658f9db8642168008db8078/questions?_start=2&_limit=1 200 320 - 5.402 ms
GET /api/courses/5658f9db8642168008db807e 304 - - 7.081 ms
GET /api/courses/5658f9db8642168008db807e/modules/ 304 - - 16.299 ms
GET /api/courses?_start=0&_limit=3& 304 - - 44.947 ms
GET /api/groups 304 - - 22.991 ms
GET /api/areas 304 - - 23.936 ms
GET /api/vacancies 304 - - 849.897 ms
